CarHomeWidgetPro/proguard/seeds.txt
com.anod.car.home.pro.R$array: int autoanswer_titles
com.anod.car.home.pro.R$array: int autoanswer_values
com.anod.car.home.pro.R$array: int autorun_app_titles
com.anod.car.home.pro.R$array: int autorun_app_values
com.anod.car.home.pro.R$array: int brightness_mode_titles
com.anod.car.home.pro.R$array: int brightness_mode_values
com.anod.car.home.pro.R$array: int carwidget_shortcuts
com.anod.car.home.pro.R$array: int colors_titles
com.anod.car.home.pro.R$array: int icon_scale_titles
com.anod.car.home.pro.R$array: int icon_scale_values
com.anod.car.home.pro.R$array: int skin_titles
com.anod.car.home.pro.R$array: int skin_values
com.anod.car.home.pro.R$array: int wifi_action_titles
com.anod.car.home.pro.R$array: int wifi_action_values
com.anod.car.home.pro.R$attr: int actionbarCompatItemHomeStyle
com.anod.car.home.pro.R$attr: int actionbarCompatItemStyle
com.anod.car.home.pro.R$attr: int actionbarCompatTitleStyle
com.anod.car.home.pro.R$color: int actionbar_bg_color
com.anod.car.home.pro.R$color: int actionbar_title_color
com.anod.car.home.pro.R$color: int default_background
com.anod.car.home.pro.R$color: int default_font_color
com.anod.car.home.pro.R$color: int holo_text_bg
com.anod.car.home.pro.R$color: int w7_tale_default_background
com.anod.car.home.pro.R$color: int w7_tale_default_background_highlight
com.anod.car.home.pro.R$dimen: int actionbar_compat_button_home_width
com.anod.car.home.pro.R$dimen: int actionbar_compat_button_width
com.anod.car.home.pro.R$dimen: int actionbar_compat_height
com.anod.car.home.pro.R$dimen: int bbb_padding_top
com.anod.car.home.pro.R$dimen: int color_preview_size
com.anod.car.home.pro.R$dimen: int icon_size
com.anod.car.home.pro.R$dimen: int notification_button
com.anod.car.home.pro.R$dimen: int notification_padding
com.anod.car.home.pro.R$dimen: int skin_padding_horiz
com.anod.car.home.pro.R$dimen: int skin_padding_vert
com.anod.car.home.pro.R$dimen: int text_size
com.anod.car.home.pro.R$dimen: int title_padding_bottom
com.anod.car.home.pro.R$dimen: int title_padding_bottom_win7
com.anod.car.home.pro.R$drawable: int actionbar_compat_item
com.anod.car.home.pro.R$drawable: int actionbar_compat_item_focused
com.anod.car.home.pro.R$drawable: int actionbar_compat_item_pressed
com.anod.car.home.pro.R$drawable: int actionbar_shadow
com.anod.car.home.pro.R$drawable: int app_header_bg
com.anod.car.home.pro.R$drawable: int bbb_bg
com.anod.car.home.pro.R$drawable: int bbb_bg_focus
com.anod.car.home.pro.R$drawable: int bbb_bg_normal
com.anod.car.home.pro.R$drawable: int bbb_bg_pressed
com.anod.car.home.pro.R$drawable: int btn_default_focused_holo_light
com.anod.car.home.pro.R$drawable: int btn_default_holo_light
com.anod.car.home.pro.R$drawable: int btn_default_normal_holo_light
com.anod.car.home.pro.R$drawable: int btn_default_pressed_holo_light
com.anod.car.home.pro.R$drawable: int btn_transparent
com.anod.car.home.pro.R$drawable: int container
com.anod.car.home.pro.R$drawable: int container_focus
com.anod.car.home.pro.R$drawable: int container_normal
com.anod.car.home.pro.R$drawable: int container_pressed
com.anod.car.home.pro.R$drawable: int divider_vertical_dark
com.anod.car.home.pro.R$drawable: int glass_container
com.anod.car.home.pro.R$drawable: int glass_focus
com.anod.car.home.pro.R$drawable: int glass_normal
com.anod.car.home.pro.R$drawable: int glass_pressed
com.anod.car.home.pro.R$drawable: int ic_action_brush
com.anod.car.home.pro.R$drawable: int ic_action_cancel
com.anod.car.home.pro.R$drawable: int ic_action_edit
...
android.support.v4.app.ShareCompat$ShareCompatImpl
android.support.v4.app.ShareCompat$ShareCompatImpl: void configureMenuItem(android.view.MenuItem,android.support.v4.app.ShareCompat$IntentBuilder)
android.support.v4.app.ShareCompat$ShareCompatImpl: java.lang.String escapeHtml(java.lang.CharSequence)
android.support.v4.app.ShareCompat$ShareCompatImplBase
android.support.v4.app.ShareCompat$ShareCompatImplBase: ShareCompat$ShareCompatImplBase()
android.support.v4.app.ShareCompat$ShareCompatImplBase: void configureMenuItem(android.view.MenuItem,android.support.v4.app.ShareCompat$IntentBuilder)
android.support.v4.app.ShareCompat$ShareCompatImplBase: java.lang.String escapeHtml(java.lang.CharSequence)
android.support.v4.app.ShareCompat$ShareCompatImplBase: void withinStyle(java.lang.StringBuilder,java.lang.CharSequence,int,int)
android.support.v4.app.ShareCompat$ShareCompatImplICS
android.support.v4.app.ShareCompat$ShareCompatImplICS: ShareCompat$ShareCompatImplICS()
android.support.v4.app.ShareCompat$ShareCompatImplICS: void configureMenuItem(android.view.MenuItem,android.support.v4.app.ShareCompat$IntentBuilder)
android.support.v4.app.ShareCompat$ShareCompatImplICS: boolean shouldAddChooserIntent(android.view.MenuItem)
android.support.v4.app.ShareCompat$ShareCompatImplJB
android.support.v4.app.ShareCompat$ShareCompatImplJB: ShareCompat$ShareCompatImplJB()
android.support.v4.app.ShareCompat$ShareCompatImplJB: java.lang.String escapeHtml(java.lang.CharSequence)
android.support.v4.app.ShareCompat$ShareCompatImplJB: boolean shouldAddChooserIntent(android.view.MenuItem)
android.support.v4.app.ShareCompatICS
android.support.v4.app.ShareCompatICS: java.lang.String HISTORY_FILENAME_PREFIX
android.support.v4.app.ShareCompatICS: ShareCompatICS()
android.support.v4.app.ShareCompatICS: void configureMenuItem(android.view.MenuItem,android.app.Activity,android.content.Intent)
android.support.v4.app.ShareCompatJB
android.support.v4.app.ShareCompatJB: ShareCompatJB()
android.support.v4.app.ShareCompatJB: java.lang.String escapeHtml(java.lang.CharSequence)
android.support.v4.app.SuperNotCalledException
android.support.v4.app.SuperNotCalledException: SuperNotCalledException(java.lang.String)
android.support.v4.app.TaskStackBuilder
android.support.v4.app.TaskStackBuilder: java.lang.String TAG
android.support.v4.app.TaskStackBuilder: android.support.v4.app.TaskStackBuilder$TaskStackBuilderImpl IMPL
android.support.v4.app.TaskStackBuilder: java.util.ArrayList mIntents
android.support.v4.app.TaskStackBuilder: android.content.Context mSourceContext
android.support.v4.app.TaskStackBuilder: TaskStackBuilder(android.content.Context)
android.support.v4.app.TaskStackBuilder: android.support.v4.app.TaskStackBuilder create(android.content.Context)
android.support.v4.app.TaskStackBuilder: android.support.v4.app.TaskStackBuilder from(android.content.Context)
android.support.v4.app.TaskStackBuilder: android.support.v4.app.TaskStackBuilder addNextIntent(android.content.Intent)
android.support.v4.app.TaskStackBuilder: android.support.v4.app.TaskStackBuilder addParentStack(android.app.Activity)
android.support.v4.app.TaskStackBuilder: android.support.v4.app.TaskStackBuilder addParentStack(java.lang.Class)
android.support.v4.app.TaskStackBuilder: int getIntentCount()
android.support.v4.app.TaskStackBuilder: android.content.Intent getIntent(int)
android.support.v4.app.TaskStackBuilder: android.content.Intent editIntentAt(int)
android.support.v4.app.TaskStackBuilder: java.util.Iterator iterator()
android.support.v4.app.TaskStackBuilder: void startActivities()
android.support.v4.app.TaskStackBuilder: void startActivities(android.os.Bundle)
android.support.v4.app.TaskStackBuilder$TaskStackBuilderImpl
android.support.v4.app.TaskStackBuilder$TaskStackBuilderImpl: android.app.PendingIntent getPendingIntent(android.content.Context,android.content.Intent[],int,int,android.os.Bundle)