CarHomeWidgetPro/proguard/mapping.txt
com.anod.car.home.prefs.TrialDialogs$3 -> com.anod.car.home.prefs.bc:
    68:69:void onClick(android.content.DialogInterface,int) -> onClick
com.anod.car.home.prefs.backup.BackupFileHelperAgent -> com.anod.car.home.prefs.backup.BackupFileHelperAgent:
    com.anod.car.home.prefs.backup.PreferencesBackupManager mManager -> a
    37:44:void onCreate() -> onCreate
    55:58:void onBackup(android.os.ParcelFileDescriptor,android.app.backup.BackupDataOutput,android.os.ParcelFileDescriptor) -> onBackup
    67:75:void onRestore(android.app.backup.BackupDataInput,int,android.os.ParcelFileDescriptor) -> onRestore
    78:90:android.app.backup.FileBackupHelper createFileBackupHelper(android.content.Context,java.io.File,java.lang.String) -> a
    94:100:java.lang.String createRelativePath(java.lang.String) -> a
com.anod.car.home.prefs.backup.PreferencesBackupManager -> com.anod.car.home.prefs.backup.a:
    java.lang.Object[] DATA_LOCK -> a
    android.content.Context mContext -> b
    69:77:long getMainTime() -> a
    81:91:java.io.File[] getMainBackups() -> b
    95:99:long getIncarTime() -> c
    103:132:int doBackupMain(java.lang.String,int) -> a
    136:162:int doBackupInCar() -> d
    167:174:java.util.HashMap convertToHashMap(android.util.SparseArray) -> a
    180:184:com.anod.car.home.prefs.preferences.InCarBackup readInCarCompat(java.lang.Object) -> a
    188:224:int doRestoreMain(java.lang.String,int) -> b
    228:236:void restoreShortcuts(com.anod.car.home.model.AbstractShortcutsModel,java.util.HashMap) -> a
    239:278:int doRestoreInCar() -> e
    282:283:java.io.File getBackupDir() -> f
    287:290:java.io.File getMainBackupDir() -> g
    294:299:boolean checkMediaWritable() -> h
    303:307:boolean checkMediaReadable() -> i
com.anod.car.home.prefs.backup.PreferencesBackupManager$1 -> com.anod.car.home.prefs.backup.b:
    com.anod.car.home.prefs.backup.PreferencesBackupManager this$0 -> a
    88:88:boolean accept(java.io.File,java.lang.String) -> accept
com.anod.car.home.prefs.preferences.InCar -> com.anod.car.home.prefs.a.a:
    boolean inCarEnabled -> a
    boolean powerRequired -> b
    boolean headsetRequired -> c
    boolean bluetoothRequired -> d
    java.util.HashMap btDevices -> e
    boolean disableBluetoothOnPower -> f
    boolean enableBluetoothOnPower -> g
    boolean disableScreenTimeout -> h
    boolean adjustVolumeLevel -> i
    int mediaVolumeLevel -> j
    boolean enableBluetooth -> k
    java.lang.String autoAnswer -> l
    java.lang.String brightness -> m
    java.lang.String disableWifi -> n
    boolean autoSpeaker -> o
    boolean activateCarMode -> p
    android.content.ComponentName autorunApp -> q
    47:47:boolean isInCarEnabled() -> a
    55:56:void setInCarEnabled(boolean) -> a
    64:64:boolean isAutoSpeaker() -> b
    74:74:java.util.HashMap getBtDevices() -> c
    78:80:void setBtDevices(java.util.HashMap) -> a
    83:83:boolean isPowerRequired() -> d
    87:87:boolean isHeadsetRequired() -> e
    91:91:boolean isBluetoothRequired() -> f
    95:95:boolean isDisableBluetoothOnPower() -> g
    99:99:boolean isEnableBluetoothOnPower() -> h
    103:103:boolean isDisableScreenTimeout() -> i
    107:107:boolean isAdjustVolumeLevel() -> j
    116:116:int getMediaVolumeLevel() -> k
    120:120:boolean isEnableBluetooth() -> l
    134:134:java.lang.String getBrightness() -> m
    138:139:void setPowerRequired(boolean) -> b
    142:143:void setHeadsetRequired(boolean) -> c
com.anod.car.home.prefs.preferences.InCarBackup -> com.anod.car.home.prefs.a.b:
    java.util.HashMap notificationShortcuts -> a
    com.anod.car.home.prefs.preferences.InCar inCar -> b
    23:23:java.util.HashMap getNotificationShortcuts() -> a
    31:31:com.anod.car.home.prefs.preferences.InCar getInCar() -> b