CarHomeWidgetPro/proguard/usage.txt
com.anod.car.home.pro.BuildConfig
com.anod.car.home.pro.Manifest
com.anod.car.home.pro.Manifest$permission
com.anod.car.home.pro.R
com.anod.car.home.pro.R$array
com.anod.car.home.pro.R$attr
com.anod.car.home.pro.R$color
com.anod.car.home.pro.R$dimen
com.anod.car.home.pro.R$drawable
com.anod.car.home.pro.R$id
com.anod.car.home.pro.R$layout
com.anod.car.home.pro.R$menu
com.anod.car.home.pro.R$plurals
com.anod.car.home.pro.R$string
com.anod.car.home.pro.R$style
com.anod.car.home.pro.R$styleable
com.anod.car.home.pro.R$xml
...
com.anod.car.home.model.ShortcutInfo:
    private static final long serialVersionUID
    public static final int NO_ID
    78:91:public ShortcutInfo(com.anod.car.home.model.ShortcutInfo)
    162:190:private void writeObject(java.io.ObjectOutputStream)
    193:221:private void readObject(java.io.ObjectInputStream)
    225:227:private android.graphics.Bitmap getIconByteArray(byte[])
com.anod.car.home.model.ShortcutInfoUtils:
    static final java.lang.String TAG
    17:17:public ShortcutInfoUtils()
com.anod.car.home.model.ShortcutsModel:
    public abstract void createDefaultShortcuts()
    public abstract void saveShortcut(int,com.anod.car.home.model.ShortcutInfo)
com.anod.car.home.prefs.ActivityPicker$PickAdapter$Item:
    252:252:public java.lang.CharSequence getLabel()
com.anod.car.home.prefs.CarWidgetShortcutsPicker:
    private static final java.lang.String TUNEIN_FREE_CLS
    private static final java.lang.String TUNEIN_FREE_PKG
    private static final java.lang.String TUNEIN_PRO_CLS
    private static final java.lang.String TUNEIN_PRO_PKG
    private static final int SHORCUTS_LENGTH
    private static final int IDX_TUNEIN
com.anod.car.home.prefs.Configuration:
    private static final int REQUEST_BACKUP
    private static final java.lang.String LOOK_AND_FEEL
    private static final java.lang.String INCAR
    private static final java.lang.String BACKUP
    private static final java.lang.String DEFAULT_APP
    private static final java.lang.String VERSION
    private static final java.lang.String ISSUE_TRACKER
    private static final java.lang.String OTHER
    public static final boolean BUILD_AMAZON
    private static final java.lang.String DETAIL_MARKET_URL
    private static final java.lang.String DETAIL_AMAZON_URL
    private static final java.lang.String OTHER_MARKET_URL
    private static final java.lang.String OTHER_AMAZON_URL
com.anod.car.home.prefs.ConfigurationActivity:
    protected static final int DIALOG_WAIT
com.anod.car.home.prefs.ConfigurationBackup:
    private static final java.lang.String BACKUP_PATH
    private static final int REQUEST_RESTORE_MAIN
    private static final java.lang.String RESTORE_BTN_INCAR
    private static final java.lang.String BACKUP_BTN_INCAR
    private static final java.lang.String RESTORE_BTN_MAIN
    private static final java.lang.String BACKUP_BTN_MAIN
    private static final int DIALOG_BACKUP_NAME
    private static final int DIALOG_PRO
    private static final int TYPE_MAIN
    private static final int TYPE_INCAR
com.anod.car.home.prefs.ConfigurationInCar:
    private static final java.lang.String SCREEN_BT_DEVICE
    private static final java.lang.String CATEGORY_BT_DEVICE
    private static final java.lang.String PREF_BT_SWITCH
    private static final java.lang.String PREF_NOTIF_SHORTCUTS
    private static final int DIALOG_TRIAL
    private static final int DIALOG_INIT
    private static final java.lang.String AUTORUN_APP_PREF
    private static final java.lang.String AUTORUN_APP_DISABLED
    private static final java.lang.String AUTORUN_APP_CUSTOM
    protected static final int REQUEST_PICK_APPLICATION
com.anod.car.home.prefs.ConfigurationLook:
    public static final java.lang.String CATEGORY_TRANSPARENT
com.anod.car.home.prefs.ConfigurationRestore:
    private static final int DIALOG_WAIT
    public static final java.lang.String EXTRA_TYPE
    public static final int TYPE_MAIN
    public static final int TYPE_INCAR
com.anod.car.home.prefs.IconThemesActivity:
    private static final java.lang.String ADW_ICON_THEME_MARKET_URL
com.anod.car.home.prefs.LookAndFeelActivity:
    private static final int SKINS_COUNT
    private static final int REQUEST_LOOK_ACTIVITY
    private static final int REQUEST_PICK_ICON_THEME
    417:417:public int getAppWidgetId()